/home/yqk/live-comment-spark-master/data/libsvm_data/20160903TDJX8_Lpq7U55bod_libsvm.dat
The lower bound on the log likelihood of the entire corpus: -2435292.90185
The upper bound on perplexity: 354.01881527
The topics described by their top-weighted terms:
+-----+------------------------+--------------------------------------------------------------------+
|topic|termIndices             |termWeights                                                         |
+-----+------------------------+--------------------------------------------------------------------+
|0    |[59766, 151062, 205702] |[4.57275704718188E-5, 3.9808196690178944E-5, 3.2483162067578745E-5] |
|1    |[247282, 209188, 63420] |[4.887247682285611E-5, 4.655117714759041E-5, 4.092182144191014E-5]  |
|2    |[118989, 29300, 231224] |[1.0996060023563261E-4, 3.4684778966477004E-5, 3.420933241133351E-5]|
|3    |[38236, 234466, 207604] |[2.286068475462242E-4, 1.3739058381333165E-4, 4.634391745645248E-5] |
|4    |[60908, 31105, 132703]  |[7.658352000011751E-4, 6.465595706095701E-5, 5.206334113615947E-5]  |
|5    |[165938, 57883, 154659] |[5.3372346576163706E-5, 4.452516022873874E-5, 3.905331714230713E-5] |
|6    |[37979, 221413, 249897] |[3.368231574964396E-4, 1.1404663509832323E-4, 1.1334747412187351E-4]|
|7    |[15653, 229261, 80246]  |[3.450944845495791E-5, 3.4137150759764964E-5, 3.190112406979508E-5] |
|8    |[13945, 227313, 111161] |[2.030507768814689E-4, 5.516625200215078E-5, 3.4829597138158136E-5] |
|9    |[232573, 192029, 150644]|[1.4333923242183477E-4, 7.466854153854102E-5, 5.908987360535216E-5] |
+-----+------------------------+--------------------------------------------------------------------+

+-----+------------------------------------------------------+--------------------------------------------------------------------------------------------------------------------------------------------------------------------------------------------------------------+
|label|features                                              |topicDistribution                                                                                                                                                                                             |
+-----+------------------------------------------------------+--------------------------------------------------------------------------------------------------------------------------------------------------------------------------------------------------------------+
|1.0  |(258726,[2309,166740],[1.0,1.0])                      |[0.0327096401541219,0.03274287250190376,0.03280040360755046,0.4362532609143123,0.034158449795912316,0.03289404151814526,0.2998740516978278,0.03256666389748778,0.032772432867209815,0.03322818304552856]      |
|2.0  |(258726,[2309],[1.0])                                 |[0.04912304096340261,0.049172915499610885,0.049259107166550874,0.0505089939007714,0.05129795291120357,0.04939975182252748,0.5532117043332001,0.04890830709540675,0.049217294951775174,0.04990093135555119]    |
|3.0  |(258726,[2309],[1.0])                                 |[0.04912304105559218,0.049172915614997856,0.04925910728810652,0.05050899418928213,0.05129795274490306,0.049399751946276285,0.5532116805605634,0.04890830717153675,0.04921729503795448,0.04990095439078733]    |
|4.0  |(258726,[166740],[1.0])                               |[0.0491219931936638,0.049171871396032976,0.04925783885864788,0.5523097649805662,0.05129575402579889,0.04939894831715664,0.05142259202213896,0.048907885724534146,0.04921682615955484,0.049896525321905666]    |
|5.0  |(258726,[165938],[1.0])                               |[0.04912245633138842,0.04917142055270538,0.049257043711515035,0.050505379739383266,0.051299847924778735,0.551201709697396,0.05142193125507637,0.04890748135098897,0.049216435781802674,0.04989629365496526]   |
|6.0  |(258726,[165938],[1.0])                               |[0.04912245634162984,0.04917142055140798,0.04925704371040755,0.050505379738068276,0.051299846919680286,0.5512017107024471,0.051421931252576596,0.04890748134957983,0.0492164357803142,0.04989629365388834]    |
|7.0  |(258726,[165938],[3.0])                               |[0.02451649389068389,0.024541040770745967,0.02458378481742506,0.025206809208812107,0.025602882932686023,0.7760093046583055,0.02566418791868054,0.024409301702049205,0.024563491410962722,0.024902702689648854]|
|8.0  |(258726,[37963,49767,169674,230165],[1.0,1.0,1.0,1.0])|[0.01960707612222666,0.019626892185357594,0.820802032876351,0.020159869412785022,0.020475415714861233,0.01971938868367004,0.020526460874851483,0.019521865681745916,0.019644908427689945,0.019916090020461255]|
|9.0  |(258726,[56775],[1.0])                                |[0.550792158184606,0.0491874954860372,0.04926933429231277,0.05052087458590168,0.051316101172608514,0.04941571707209057,0.05143644000542324,0.04891790187405925,0.04923072510730701,0.04991325221965367]       |
|10.0 |(258726,[186953],[1.0])                               |[0.049126523579170106,0.049178412486014594,0.04926149831626311,0.0505138588642294,0.05130616538661892,0.5511397202488723,0.05143433246324696,0.04891369073530972,0.049222162675814585,0.049903635244460266]   |
|11.0 |(258726,[130024],[1.0])                               |[0.04912385334607544,0.5509589106922452,0.04925896366662722,0.05050765379254852,0.051298709460507526,0.049400807164524434,0.051424587539058694,0.0489097021734304,0.049218570823203744,0.04989824134177874]   |
|12.0 |(258726,[29300],[1.0])                                |[0.049121877887054154,0.04917404031506016,0.5510610230341458,0.0505056651877997,0.05129556601438796,0.049398792440125544,0.05142286913629486,0.04890778150893008,0.049216500375763875,0.04989588410043789]    |
|13.0 |(258726,[118758],[1.0])                               |[0.04912335323957089,0.04917273589338483,0.04925827594777733,0.050508667231720435,0.05129771567558625,0.5511903786224971,0.051425012150622916,0.0489089224161306,0.04921784235569839,0.04989709646701122]     |
|14.0 |(258726,[162402],[1.0])                               |[0.04913962405757409,0.049190749121212386,0.5508998339078018,0.050519310385125527,0.051321188749558176,0.04941643650727771,0.05144606552637198,0.04892341989583943,0.049231676923584246,0.04991169492565467]  |
|15.0 |(258726,[23624],[1.0])                                |[0.550889148626981,0.049175581930399524,0.04926199605286788,0.05051094853278838,0.051299810631511705,0.04940068071264521,0.051429691528812736,0.04891216891696174,0.049220361888143646,0.04989961117888816]   |
|16.0 |(258726,[180080],[1.0])                               |[0.04912180898798185,0.04917111760829087,0.04925693025665931,0.050505186866664935,0.051306687386999526,0.049398462195592546,0.5532213280310839,0.04890712620384037,0.049216076992341345,0.049895275470545265] |
|17.0 |(258726,[60908,180080],[1.0,1.0])                     |[0.03270819630994299,0.03274108411671509,0.03279829345603497,0.03362938934742617,0.7024100935526205,0.032892439829184744,0.034260964769266815,0.032565298399472246,0.03277100191918392,0.03322323830015239]   |
|18.0 |(258726,[60908],[1.0])                                |[0.0491210484941335,0.049170942519559405,0.0492569381237628,0.050504932548465206,0.5531099314666,0.049397814646696826,0.05142087619549733,0.04890692129729947,0.04921577914237452,0.049894815565610866]       |
|19.0 |(258726,[60908],[1.0])                                |[0.04912104849409122,0.04917094251891464,0.04925693814805372,0.05050493254813171,0.5531099314441887,0.049397814645775424,0.05142087619552313,0.048906921297315324,0.04921577914238427,0.049894815565621746]   |
|20.0 |(258726,[60908,78442],[1.0,1.0])                      |[0.03271054183763058,0.0327428016340077,0.032799948595346476,0.03363199086390685,0.7024130918785567,0.03289444279666964,0.03424177122464773,0.03256730835646847,0.032772972117412945,0.033225130695353]       |
+-----+------------------------------------------------------+--------------------------------------------------------------------------------------------------------------------------------------------------------------------------------------------------------------+
only showing top 20 rows

